[debug] [2021-01-17T21:10:04.640Z] ----------------------------------------------------------------------
[debug] [2021-01-17T21:10:04.641Z] Command:       C:\Program Files\nodejs\node.exe C:\Users\raina\AppData\Roaming\npm\node_modules\firebase-tools\lib\bin\firebase.js deploy
[debug] [2021-01-17T21:10:04.641Z] CLI Version:   8.19.0
[debug] [2021-01-17T21:10:04.641Z] Platform:      win32
[debug] [2021-01-17T21:10:04.641Z] Node Version:  v12.18.3
[debug] [2021-01-17T21:10:04.642Z] Time:          Sun Jan 17 2021 23:10:04 GMT+0200 (South Africa Standard Time)
[debug] [2021-01-17T21:10:04.642Z] ----------------------------------------------------------------------
[debug] [2021-01-17T21:10:04.642Z] 
[debug] [2021-01-17T21:10:04.647Z] > command requires scopes: ["email","openid","https://www.googleapis.com/auth/cloudplatformprojects.readonly","https://www.googleapis.com/auth/firebase","https://www.googleapis.com/auth/cloud-platform"]
[debug] [2021-01-17T21:10:04.648Z] > authorizing via signed-in user
[debug] [2021-01-17T21:10:04.648Z] [iam] checking project mush-d28b8 for permissions ["cloudconfig.configs.get","cloudconfig.configs.update","cloudfunctions.functions.create","cloudfunctions.functions.delete","cloudfunctions.functions.get","cloudfunctions.functions.list","cloudfunctions.functions.update","cloudfunctions.operations.get","datastore.indexes.create","datastore.indexes.delete","datastore.indexes.list","datastore.indexes.update","firebase.projects.get","firebasehosting.sites.update","firebaserules.releases.create","firebaserules.releases.update","firebaserules.rulesets.create"]
[debug] [2021-01-17T21:10:04.650Z] >>> HTTP REQUEST POST https://cloudresourcemanager.googleapis.com/v1/projects/mush-d28b8:testIamPermissions  
 {"permissions":["cloudconfig.configs.get","cloudconfig.configs.update","cloudfunctions.functions.create","cloudfunctions.functions.delete","cloudfunctions.functions.get","cloudfunctions.functions.list","cloudfunctions.functions.update","cloudfunctions.operations.get","datastore.indexes.create","datastore.indexes.delete","datastore.indexes.list","datastore.indexes.update","firebase.projects.get","firebasehosting.sites.update","firebaserules.releases.create","firebaserules.releases.update","firebaserules.rulesets.create"]}
[debug] [2021-01-17T21:10:06.333Z] <<< HTTP RESPONSE 200 {"content-type":"application/json; charset=UTF-8","vary":"X-Origin, Referer, Origin,Accept-Encoding","date":"Sun, 17 Jan 2021 21:10:05 GMT","server":"ESF","cache-control":"private","x-xss-protection":"0","x-frame-options":"SAMEORIGIN","x-content-type-options":"nosniff","server-timing":"gfet4t7; dur=1478","alt-svc":"h3-29=\":443\"; ma=2592000,h3-T051=\":443\"; ma=2592000,h3-Q050=\":443\"; ma=2592000,h3-Q046=\":443\"; ma=2592000,h3-Q043=\":443\"; ma=2592000,quic=\":443\"; ma=2592000; v=\"46,43\"","accept-ranges":"none","transfer-encoding":"chunked"}
[debug] [2021-01-17T21:10:06.334Z] >>> HTTP REQUEST POST https://iam.googleapis.com/v1/projects/mush-d28b8/serviceAccounts/mush-d28b8@appspot.gserviceaccount.com:testIamPermissions  
 {"permissions":["iam.serviceAccounts.actAs"]}
[debug] [2021-01-17T21:10:07.998Z] <<< HTTP RESPONSE 200 {"content-type":"application/json; charset=UTF-8","vary":"X-Origin, Referer, Origin,Accept-Encoding","date":"Sun, 17 Jan 2021 21:10:07 GMT","server":"ESF","cache-control":"private","x-xss-protection":"0","x-frame-options":"SAMEORIGIN","x-content-type-options":"nosniff","alt-svc":"h3-29=\":443\"; ma=2592000,h3-T051=\":443\"; ma=2592000,h3-Q050=\":443\"; ma=2592000,h3-Q046=\":443\"; ma=2592000,h3-Q043=\":443\"; ma=2592000,quic=\":443\"; ma=2592000; v=\"46,43\"","accept-ranges":"none","transfer-encoding":"chunked"}
[debug] [2021-01-17T21:10:07.999Z] >>> HTTP REQUEST GET https://firebase.googleapis.com/v1beta1/projects/mush-d28b8  
 
[debug] [2021-01-17T21:10:08.484Z] <<< HTTP RESPONSE 200 {"content-type":"application/json; charset=UTF-8","vary":"X-Origin, Referer, Origin,Accept-Encoding","date":"Sun, 17 Jan 2021 21:10:07 GMT","server":"ESF","cache-control":"private","x-xss-protection":"0","x-frame-options":"SAMEORIGIN","x-content-type-options":"nosniff","alt-svc":"h3-29=\":443\"; ma=2592000,h3-T051=\":443\"; ma=2592000,h3-Q050=\":443\"; ma=2592000,h3-Q046=\":443\"; ma=2592000,h3-Q043=\":443\"; ma=2592000,quic=\":443\"; ma=2592000; v=\"46,43\"","accept-ranges":"none","transfer-encoding":"chunked"}
[info] 
[info] === Deploying to 'mush-d28b8'...
[info] 
[info] i  deploying storage, firestore, functions, hosting, remoteconfig 
[info] Running command: npm --prefix "$RESOURCE_DIR" run lint
[info] Running command: npm --prefix "$RESOURCE_DIR" run build
[info] +  functions: Finished running predeploy script. 
[debug] [2021-01-17T21:10:15.579Z] >>> HTTP REQUEST GET https://appengine.googleapis.com/v1/apps/mush-d28b8  
 
[debug] [2021-01-17T21:10:16.990Z] <<< HTTP RESPONSE 200 {"content-type":"application/json; charset=UTF-8","vary":"X-Origin, Referer, Origin,Accept-Encoding","date":"Sun, 17 Jan 2021 21:10:16 GMT","server":"ESF","cache-control":"private","x-xss-protection":"0","x-frame-options":"SAMEORIGIN","x-content-type-options":"nosniff","alt-svc":"h3-29=\":443\"; ma=2592000,h3-T051=\":443\"; ma=2592000,h3-Q050=\":443\"; ma=2592000,h3-Q046=\":443\"; ma=2592000,h3-Q043=\":443\"; ma=2592000,quic=\":443\"; ma=2592000; v=\"46,43\"","accept-ranges":"none","transfer-encoding":"chunked"}
[info] i  firebase.storage: checking storage.rules for compilation errors... 
[debug] [2021-01-17T21:10:16.991Z] >>> HTTP REQUEST POST https://firebaserules.googleapis.com/v1/projects/mush-d28b8:test  
 {"source":{"files":[{"name":"storage.rules","content":"rules_version = '2';\nservice firebase.storage {\n  match /b/{bucket}/o {\n    match /{allPaths=**} {\n      allow read, write: if request.auth!=null;\n    }\n  }\n}\n"}]}}
[debug] [2021-01-17T21:10:18.163Z] <<< HTTP RESPONSE 200 {"content-type":"application/json; charset=UTF-8","vary":"X-Origin, Referer, Origin,Accept-Encoding","date":"Sun, 17 Jan 2021 21:10:17 GMT","server":"ESF","cache-control":"private","x-xss-protection":"0","x-frame-options":"SAMEORIGIN","x-content-type-options":"nosniff","alt-svc":"h3-29=\":443\"; ma=2592000,h3-T051=\":443\"; ma=2592000,h3-Q050=\":443\"; ma=2592000,h3-Q046=\":443\"; ma=2592000,h3-Q043=\":443\"; ma=2592000,quic=\":443\"; ma=2592000; v=\"46,43\"","accept-ranges":"none","transfer-encoding":"chunked"}
[info] +  firebase.storage: rules file storage.rules compiled successfully 
[info] i  firestore: reading indexes from firestore.indexes.json... 
[info] i  cloud.firestore: checking firestore.rules for compilation errors... 
[debug] [2021-01-17T21:10:18.165Z] >>> HTTP REQUEST POST https://firebaserules.googleapis.com/v1/projects/mush-d28b8:test  
 {"source":{"files":[{"name":"firestore.rules","content":"rules_version = '2';\nservice cloud.firestore {\n  match /databases/{database}/documents {\n    match /{document=**} {\n      allow read, write: if\n          request.time < timestamp.date(2021, 2, 16);\n    }\n  }\n}"}]}}
[debug] [2021-01-17T21:10:18.674Z] <<< HTTP RESPONSE 200 {"content-type":"application/json; charset=UTF-8","vary":"X-Origin, Referer, Origin,Accept-Encoding","date":"Sun, 17 Jan 2021 21:10:18 GMT","server":"ESF","cache-control":"private","x-xss-protection":"0","x-frame-options":"SAMEORIGIN","x-content-type-options":"nosniff","alt-svc":"h3-29=\":443\"; ma=2592000,h3-T051=\":443\"; ma=2592000,h3-Q050=\":443\"; ma=2592000,h3-Q046=\":443\"; ma=2592000,h3-Q043=\":443\"; ma=2592000,quic=\":443\"; ma=2592000; v=\"46,43\"","accept-ranges":"none","transfer-encoding":"chunked"}
[info] +  cloud.firestore: rules file firestore.rules compiled successfully 
[debug] [2021-01-17T21:10:18.675Z] > [functions] package.json contents: {
  "name": "functions",
  "scripts": {
    "lint": "eslint \"src/**/*\"",
    "build": "tsc",
    "serve": "npm run build && firebase emulators:start --only functions",
    "shell": "npm run build && firebase functions:shell",
    "start": "npm run shell",
    "deploy": "firebase deploy --only functions",
    "logs": "firebase functions:log"
  },
  "engines": {
    "node": "12"
  },
  "main": "lib/index.js",
  "dependencies": {
    "firebase-admin": "^9.2.0",
    "firebase-functions": "^3.11.0"
  },
  "devDependencies": {
    "@typescript-eslint/eslint-plugin": "^3.9.1",
    "@typescript-eslint/parser": "^3.8.0",
    "eslint": "^7.6.0",
    "eslint-plugin-import": "^2.22.0",
    "typescript": "^3.8.0",
    "firebase-functions-test": "^0.2.0"
  },
  "private": true
}
[info] i  functions: ensuring required API cloudfunctions.googleapis.com is enabled... 
[info] i  functions: ensuring required API cloudbuild.googleapis.com is enabled... 
[debug] [2021-01-17T21:10:19.797Z] >>> HTTP REQUEST GET https://serviceusage.googleapis.com/v1/projects/mush-d28b8/services/cloudfunctions.googleapis.com  
 
[debug] [2021-01-17T21:10:19.797Z] >>> HTTP REQUEST GET https://serviceusage.googleapis.com/v1/projects/mush-d28b8/services/runtimeconfig.googleapis.com  
 
[debug] [2021-01-17T21:10:19.797Z] >>> HTTP REQUEST GET https://serviceusage.googleapis.com/v1/projects/mush-d28b8/services/cloudbuild.googleapis.com  
 
[debug] [2021-01-17T21:10:21.849Z] <<< HTTP RESPONSE 200 {"content-type":"application/json; charset=UTF-8","vary":"X-Origin, Referer, Origin,Accept-Encoding","date":"Sun, 17 Jan 2021 21:10:21 GMT","server":"ESF","cache-control":"private","x-xss-protection":"0","x-frame-options":"SAMEORIGIN","x-content-type-options":"nosniff","alt-svc":"h3-29=\":443\"; ma=2592000,h3-T051=\":443\"; ma=2592000,h3-Q050=\":443\"; ma=2592000,h3-Q046=\":443\"; ma=2592000,h3-Q043=\":443\"; ma=2592000,quic=\":443\"; ma=2592000; v=\"46,43\"","accept-ranges":"none","transfer-encoding":"chunked"}
[warn] !  functions: missing required API cloudbuild.googleapis.com. Enabling now... 
[debug] [2021-01-17T21:10:21.850Z] >>> HTTP REQUEST POST https://serviceusage.googleapis.com/v1/projects/mush-d28b8/services/cloudbuild.googleapis.com:enable  
 
[debug] [2021-01-17T21:10:21.862Z] <<< HTTP RESPONSE 200 {"content-type":"application/json; charset=UTF-8","vary":"X-Origin, Referer, Origin,Accept-Encoding","date":"Sun, 17 Jan 2021 21:10:21 GMT","server":"ESF","cache-control":"private","x-xss-protection":"0","x-frame-options":"SAMEORIGIN","x-content-type-options":"nosniff","alt-svc":"h3-29=\":443\"; ma=2592000,h3-T051=\":443\"; ma=2592000,h3-Q050=\":443\"; ma=2592000,h3-Q046=\":443\"; ma=2592000,h3-Q043=\":443\"; ma=2592000,quic=\":443\"; ma=2592000; v=\"46,43\"","accept-ranges":"none","transfer-encoding":"chunked"}
[debug] [2021-01-17T21:10:21.871Z] <<< HTTP RESPONSE 200 {"content-type":"application/json; charset=UTF-8","vary":"X-Origin, Referer, Origin,Accept-Encoding","date":"Sun, 17 Jan 2021 21:10:21 GMT","server":"ESF","cache-control":"private","x-xss-protection":"0","x-frame-options":"SAMEORIGIN","x-content-type-options":"nosniff","alt-svc":"h3-29=\":443\"; ma=2592000,h3-T051=\":443\"; ma=2592000,h3-Q050=\":443\"; ma=2592000,h3-Q046=\":443\"; ma=2592000,h3-Q043=\":443\"; ma=2592000,quic=\":443\"; ma=2592000; v=\"46,43\"","accept-ranges":"none","transfer-encoding":"chunked"}
[info] +  functions: required API cloudfunctions.googleapis.com is enabled 
[debug] [2021-01-17T21:10:24.684Z] <<< HTTP RESPONSE 200 {"content-type":"application/json; charset=UTF-8","vary":"X-Origin, Referer, Origin,Accept-Encoding","date":"Sun, 17 Jan 2021 21:10:24 GMT","server":"ESF","cache-control":"private","x-xss-protection":"0","x-frame-options":"SAMEORIGIN","x-content-type-options":"nosniff","alt-svc":"h3-29=\":443\"; ma=2592000,h3-T051=\":443\"; ma=2592000,h3-Q050=\":443\"; ma=2592000,h3-Q046=\":443\"; ma=2592000,h3-Q043=\":443\"; ma=2592000,quic=\":443\"; ma=2592000; v=\"46,43\"","accept-ranges":"none","transfer-encoding":"chunked"}
[debug] [2021-01-17T21:10:34.685Z] >>> HTTP REQUEST GET https://serviceusage.googleapis.com/v1/projects/mush-d28b8/services/cloudbuild.googleapis.com  
 
[debug] [2021-01-17T21:10:36.604Z] <<< HTTP RESPONSE 200 {"content-type":"application/json; charset=UTF-8","vary":"X-Origin, Referer, Origin,Accept-Encoding","date":"Sun, 17 Jan 2021 21:10:36 GMT","server":"ESF","cache-control":"private","x-xss-protection":"0","x-frame-options":"SAMEORIGIN","x-content-type-options":"nosniff","alt-svc":"h3-29=\":443\"; ma=2592000,h3-T051=\":443\"; ma=2592000,h3-Q050=\":443\"; ma=2592000,h3-Q046=\":443\"; ma=2592000,h3-Q043=\":443\"; ma=2592000,quic=\":443\"; ma=2592000; v=\"46,43\"","accept-ranges":"none","transfer-encoding":"chunked"}
[info] +  functions: required API cloudbuild.googleapis.com is enabled 
[debug] [2021-01-17T21:10:36.607Z] >>> HTTP REQUEST GET https://firebase.googleapis.com/v1beta1/projects/mush-d28b8/adminSdkConfig  
 
[debug] [2021-01-17T21:10:37.250Z] <<< HTTP RESPONSE 200 {"content-type":"application/json; charset=UTF-8","vary":"X-Origin, Referer, Origin,Accept-Encoding","date":"Sun, 17 Jan 2021 21:10:36 GMT","server":"ESF","cache-control":"private","x-xss-protection":"0","x-frame-options":"SAMEORIGIN","x-content-type-options":"nosniff","alt-svc":"h3-29=\":443\"; ma=2592000,h3-T051=\":443\"; ma=2592000,h3-Q050=\":443\"; ma=2592000,h3-Q046=\":443\"; ma=2592000,h3-Q043=\":443\"; ma=2592000,quic=\":443\"; ma=2592000; v=\"46,43\"","accept-ranges":"none","transfer-encoding":"chunked"}
[debug] [2021-01-17T21:10:37.251Z] >>> HTTP REQUEST POST https://firebasehosting.googleapis.com/v1beta1/sites/mush-d28b8/versions  
 {"config":{"rewrites":[{"glob":"**","path":"/index.html"}]},"labels":{"deployment-tool":"cli-firebase"}}
